d:\work\vs2019_project\clanguagecourse\clanguagecourse\build\win64\vc142.pdb
d:\work\vs2019_project\clanguagecourse\clanguagecourse\build\win64\vc142.idb
d:\work\vs2019_project\clanguagecourse\clanguagecourse\build\win64\main.obj
d:\work\vs2019_project\clanguagecourse\clanguagecourse\build\win64\day02.obj
d:\work\vs2019_project\clanguagecourse\clanguagecourse\build\win64\day01.obj
d:\work\vs2019_project\clanguagecourse\clanguagecourse\bin\win64\clanguagecourse_d.exe
d:\work\vs2019_project\clanguagecourse\clanguagecourse\build\win64\clanguagecourse_d.ilk
d:\work\vs2019_project\clanguagecourse\clanguagecourse\bin\win64\clanguagecourse_d.pdb
d:\work\vs2019_project\clanguagecourse\clanguagecourse\build\win64\clanguagecourse.tlog\cl.command.1.tlog
d:\work\vs2019_project\clanguagecourse\clanguagecourse\build\win64\clanguagecourse.tlog\cl.read.1.tlog
d:\work\vs2019_project\clanguagecourse\clanguagecourse\build\win64\clanguagecourse.tlog\cl.write.1.tlog
d:\work\vs2019_project\clanguagecourse\clanguagecourse\build\win64\clanguagecourse.tlog\link-cvtres.read.1.tlog
d:\work\vs2019_project\clanguagecourse\clanguagecourse\build\win64\clanguagecourse.tlog\link-cvtres.write.1.tlog
d:\work\vs2019_project\clanguagecourse\clanguagecourse\build\win64\clanguagecourse.tlog\link-rc.read.1.tlog
d:\work\vs2019_project\clanguagecourse\clanguagecourse\build\win64\clanguagecourse.tlog\link-rc.write.1.tlog
d:\work\vs2019_project\clanguagecourse\clanguagecourse\build\win64\clanguagecourse.tlog\link.12412-cvtres.read.1.tlog
d:\work\vs2019_project\clanguagecourse\clanguagecourse\build\win64\clanguagecourse.tlog\link.12412-cvtres.write.1.tlog
d:\work\vs2019_project\clanguagecourse\clanguagecourse\build\win64\clanguagecourse.tlog\link.12412-rc.read.1.tlog
d:\work\vs2019_project\clanguagecourse\clanguagecourse\build\win64\clanguagecourse.tlog\link.12412-rc.write.1.tlog
d:\work\vs2019_project\clanguagecourse\clanguagecourse\build\win64\clanguagecourse.tlog\link.12412.read.1.tlog
d:\work\vs2019_project\clanguagecourse\clanguagecourse\build\win64\clanguagecourse.tlog\link.12412.write.1.tlog
d:\work\vs2019_project\clanguagecourse\clanguagecourse\build\win64\clanguagecourse.tlog\link.command.1.tlog
d:\work\vs2019_project\clanguagecourse\clanguagecourse\build\win64\clanguagecourse.tlog\link.read.1.tlog
d:\work\vs2019_project\clanguagecourse\clanguagecourse\build\win64\clanguagecourse.tlog\link.write.1.tlog
